Launched server on port: 24682
Training from scratch
Training for 2000 iterations...
----------------------------------------------------
     0th iteration
average ll reward:                       0.2255091071
dones:                                   0.024961
time elapsed in this iteration:          1.6646
fps:                                      15379
std: 
[1.0263957 1.0240655 1.0261438 1.019937  1.0208504 1.0231515 1.0281988
 1.0266294 1.0220436 1.0231533 1.0254077 1.0244086]
----------------------------------------------------

----------------------------------------------------
     1th iteration
average ll reward:                       0.2214865685
dones:                                   0.025664
time elapsed in this iteration:          1.1328
fps:                                      22599
std: 
[1.047877  1.0472771 1.0441117 1.0378444 1.0433155 1.0437421 1.0516725
 1.0510474 1.0425656 1.044017  1.0471138 1.0494636]
----------------------------------------------------

----------------------------------------------------
     2th iteration
average ll reward:                       0.2213316411
dones:                                   0.024883
time elapsed in this iteration:          1.1216
fps:                                      22824
std: 
[1.0686047 1.0648588 1.0695783 1.0575333 1.065024  1.0693043 1.073141
 1.074095  1.065577  1.0666949 1.069143  1.0754524]
----------------------------------------------------

----------------------------------------------------
     3th iteration
average ll reward:                       0.2273348421
dones:                                   0.025742
time elapsed in this iteration:          1.1362
fps:                                      22532
std: 
[1.0913172 1.0886476 1.0925806 1.0774738 1.0889615 1.0931796 1.097086
 1.0972819 1.0853592 1.085125  1.0932395 1.096659 ]
----------------------------------------------------

----------------------------------------------------
     4th iteration
average ll reward:                       0.2202618420
dones:                                   0.025430
time elapsed in this iteration:          1.1302
fps:                                      22650
std: 
[1.1119323 1.1093409 1.1201124 1.0985779 1.1125045 1.1160058 1.1175219
 1.1202728 1.1091242 1.1054677 1.1179702 1.1239126]
----------------------------------------------------

----------------------------------------------------
     5th iteration
average ll reward:                       0.2190964818
dones:                                   0.025859
time elapsed in this iteration:          1.4330
fps:                                      17865
std: 
[1.1400999 1.1367004 1.1491941 1.1254767 1.138526  1.1391789 1.1399419
 1.1428374 1.1333146 1.1370386 1.1449238 1.1480353]
----------------------------------------------------

----------------------------------------------------
     6th iteration
average ll reward:                       0.2173004597
dones:                                   0.024648
time elapsed in this iteration:          1.1740
fps:                                      21806
std: 
[1.1651419 1.1580186 1.1775851 1.1508545 1.1626875 1.1664938 1.1645532
 1.1673665 1.1570857 1.1591758 1.1697419 1.1744403]
----------------------------------------------------

----------------------------------------------------
     7th iteration
average ll reward:                       0.2134575099
dones:                                   0.025430
time elapsed in this iteration:          1.2453
fps:                                      20557
std: 
[1.193364  1.1915668 1.2119361 1.1802539 1.1930633 1.1917013 1.1884772
 1.1958722 1.1832606 1.1878752 1.1962904 1.2034603]
----------------------------------------------------

----------------------------------------------------
     8th iteration
average ll reward:                       0.2206806690
dones:                                   0.024023
time elapsed in this iteration:          1.1197
fps:                                      22864
std: 
[1.2196385 1.2212477 1.2440064 1.2034601 1.2202947 1.2175648 1.214308
 1.223425  1.2134632 1.2118899 1.22101   1.2283993]
----------------------------------------------------

----------------------------------------------------
     9th iteration
average ll reward:                       0.2133692801
dones:                                   0.024531
time elapsed in this iteration:          1.1328
fps:                                      22599
std: 
[1.246893  1.2510855 1.2713472 1.2327275 1.2493501 1.24349   1.2421006
 1.2530571 1.2400465 1.2408878 1.2495633 1.2632892]
----------------------------------------------------

----------------------------------------------------
    10th iteration
average ll reward:                       0.2205355763
dones:                                   0.024688
time elapsed in this iteration:          1.2544
fps:                                      20408
std: 
[1.2736012 1.2852386 1.30378   1.2594486 1.2786356 1.276693  1.2778567
 1.28528   1.2726601 1.2736337 1.2834861 1.2946333]
----------------------------------------------------

----------------------------------------------------
    11th iteration
average ll reward:                       0.2194489539
dones:                                   0.024336
time elapsed in this iteration:          1.1457
fps:                                      22345
std: 
[1.3053936 1.3148409 1.3338727 1.2874178 1.3117265 1.306896  1.3131618
 1.3182224 1.3038434 1.29851   1.3189355 1.3264152]
----------------------------------------------------

----------------------------------------------------
    12th iteration
average ll reward:                       0.2273720801
dones:                                   0.024102
time elapsed in this iteration:          1.1092
fps:                                      23080
std: 
[1.3352304 1.3473078 1.3655612 1.3178616 1.344502  1.336201  1.343959
 1.3517346 1.335969  1.3267698 1.3515006 1.3551158]
----------------------------------------------------

----------------------------------------------------
    13th iteration
average ll reward:                       0.2157089561
dones:                                   0.024492
time elapsed in this iteration:          1.1261
fps:                                      22734
std: 
[1.3703703 1.3846192 1.4015757 1.3477234 1.3811737 1.3760031 1.378685
 1.3855457 1.3730769 1.3637857 1.3885962 1.3914582]
----------------------------------------------------

----------------------------------------------------
    14th iteration
average ll reward:                       0.2121152133
dones:                                   0.023125
time elapsed in this iteration:          1.1020
fps:                                      23230
std: 
[1.4076442 1.4242733 1.4404453 1.3894802 1.4241323 1.408482  1.4148061
 1.4285345 1.4150006 1.3979204 1.4299148 1.4293762]
----------------------------------------------------

----------------------------------------------------
    15th iteration
average ll reward:                       0.2188017964
dones:                                   0.024766
time elapsed in this iteration:          1.2312
fps:                                      20792
std: 
[1.4341893 1.4573855 1.4781865 1.421746  1.4576993 1.4421465 1.448063
 1.4600532 1.4468844 1.4271353 1.4691522 1.4608611]
----------------------------------------------------

----------------------------------------------------
    16th iteration
average ll reward:                       0.2144226581
dones:                                   0.023008
time elapsed in this iteration:          1.1428
fps:                                      22401
std: 
[1.467937  1.4897292 1.5097586 1.4591916 1.4894942 1.4803169 1.4829699
 1.4908428 1.4814417 1.458933  1.5012422 1.5001764]
----------------------------------------------------

----------------------------------------------------
    17th iteration
average ll reward:                       0.2184972018
dones:                                   0.022344
time elapsed in this iteration:          1.1058
fps:                                      23151
std: 
[1.5088296 1.5301232 1.5445246 1.4970887 1.5266764 1.5177869 1.5205997
 1.5264623 1.5226659 1.4917568 1.5327818 1.5376257]
----------------------------------------------------

----------------------------------------------------
    18th iteration
average ll reward:                       0.2170227021
dones:                                   0.022578
time elapsed in this iteration:          1.1317
fps:                                      22621
std: 
[1.5451542 1.5660552 1.5779229 1.534456  1.5588384 1.5523216 1.5552458
 1.5598389 1.5578527 1.5233871 1.5673568 1.5802362]
----------------------------------------------------

----------------------------------------------------
    19th iteration
average ll reward:                       0.2164669633
dones:                                   0.021875
time elapsed in this iteration:          1.1300
fps:                                      22655
std: 
[1.5829359 1.6035082 1.6188028 1.5698521 1.5933225 1.5843207 1.5925231
 1.5982931 1.5981143 1.5574183 1.6050626 1.6194179]
----------------------------------------------------

----------------------------------------------------
    20th iteration
average ll reward:                       0.2236812711
dones:                                   0.021094
time elapsed in this iteration:          1.2933
fps:                                      19794
std: 
[1.6195238 1.6438034 1.6503419 1.6028295 1.6301949 1.6202757 1.6276337
 1.6333721 1.6346017 1.5877239 1.639916  1.6568656]
----------------------------------------------------

----------------------------------------------------
    21th iteration
average ll reward:                       0.2265834063
dones:                                   0.019609
time elapsed in this iteration:          1.2897
fps:                                      19850
std: 
[1.6612121 1.6854445 1.6935064 1.6373326 1.6717513 1.6614292 1.664037
 1.6710585 1.6755446 1.6178455 1.6808941 1.6940026]
----------------------------------------------------

----------------------------------------------------
    22th iteration
average ll reward:                       0.2097290009
dones:                                   0.017500
time elapsed in this iteration:          1.1584
fps:                                      22099
std: 
[1.6973666 1.71767   1.7250332 1.672208  1.7109252 1.6967912 1.6988692
 1.7087351 1.7157328 1.648777  1.7196847 1.7316686]
----------------------------------------------------

----------------------------------------------------
    23th iteration
average ll reward:                       0.2205974609
dones:                                   0.016367
time elapsed in this iteration:          1.1419
fps:                                      22420
std: 
[1.7359723 1.753434  1.7601136 1.7099469 1.748001  1.7316527 1.7351158
 1.7458133 1.7547419 1.6821902 1.753182  1.7716898]
----------------------------------------------------

----------------------------------------------------
    24th iteration
average ll reward:                       0.2275176197
dones:                                   0.015664
time elapsed in this iteration:          1.2117
fps:                                      21127
std: 
[1.7781227 1.7883871 1.7973583 1.7519498 1.7843846 1.7674645 1.7745079
 1.7862476 1.7986381 1.7147532 1.790199  1.8129553]
----------------------------------------------------

----------------------------------------------------
    25th iteration
average ll reward:                       0.2149951160
dones:                                   0.014687
time elapsed in this iteration:          1.2246
fps:                                      20905
std: 
[1.8141283 1.8228599 1.8330294 1.7823312 1.8252633 1.7973746 1.8034661
 1.8203248 1.8341722 1.7515794 1.8315315 1.8506848]
----------------------------------------------------

----------------------------------------------------
    26th iteration
average ll reward:                       0.2357192039
dones:                                   0.013047
time elapsed in this iteration:          1.1149
fps:                                      22961
std: 
[1.8456664 1.8585505 1.8672223 1.8170176 1.8569266 1.8286018 1.8368131
 1.857611  1.8748615 1.7943673 1.8663532 1.8835106]
----------------------------------------------------

----------------------------------------------------
    27th iteration
average ll reward:                       0.2168882489
dones:                                   0.011680
time elapsed in this iteration:          1.1156
fps:                                      22948
std: 
[1.8824317 1.8972757 1.9082507 1.8520132 1.8936961 1.863591  1.874724
 1.8877819 1.9070436 1.8276967 1.9038936 1.9203368]
----------------------------------------------------

----------------------------------------------------
    28th iteration
average ll reward:                       0.2192348987
dones:                                   0.012109
time elapsed in this iteration:          1.1214
fps:                                      22828
std: 
[1.9159956 1.9359068 1.9460241 1.8863325 1.9288237 1.8990184 1.9118459
 1.9252038 1.946468  1.8657839 1.9384452 1.9636135]
----------------------------------------------------

----------------------------------------------------
    29th iteration
average ll reward:                       0.2126188278
dones:                                   0.012461
time elapsed in this iteration:          1.1662
fps:                                      21952
std: 
[1.9489881 1.9755446 1.9800665 1.9241352 1.969309  1.9360536 1.9488256
 1.9641837 1.9842008 1.9010432 1.9769409 1.9990349]
----------------------------------------------------

----------------------------------------------------
    30th iteration
average ll reward:                       0.2263759971
dones:                                   0.008945
time elapsed in this iteration:          1.2225
fps:                                      20941
std: 
[1.9829912 2.0074396 2.0123534 1.9581133 2.00166   1.9686189 1.977355
 1.9985441 2.0181646 1.9328012 2.0079927 2.0327055]
----------------------------------------------------

----------------------------------------------------
    31th iteration
average ll reward:                       0.2070089132
dones:                                   0.009023
time elapsed in this iteration:          1.0867
fps:                                      23558
std: 
[2.0201862 2.0518143 2.0514684 1.9959886 2.0428877 2.0078416 2.016775
 2.0416093 2.0582912 1.9785727 2.0505445 2.0724163]
----------------------------------------------------

----------------------------------------------------
    32th iteration
average ll reward:                       0.2403008044
dones:                                   0.007109
time elapsed in this iteration:          1.1031
fps:                                      23208
std: 
[2.0522945 2.0899203 2.0852208 2.0352235 2.0754805 2.0405164 2.0501056
 2.074152  2.0959284 2.0069237 2.090211  2.1123765]
----------------------------------------------------

----------------------------------------------------
    33th iteration
average ll reward:                       0.2232813090
dones:                                   0.006523
time elapsed in this iteration:          1.1308
fps:                                      22639
std: 
[2.086722  2.1310086 2.1221237 2.0699687 2.114383  2.079201  2.0899413
 2.1082523 2.13388   2.0427215 2.1287687 2.154799 ]
----------------------------------------------------

----------------------------------------------------
    34th iteration
average ll reward:                       0.2034747452
dones:                                   0.006211
time elapsed in this iteration:          1.1443
fps:                                      22372
std: 
[2.1252606 2.1770723 2.163332  2.1082335 2.1489096 2.1181917 2.1284537
 2.1508791 2.1775045 2.07418   2.1744347 2.1990793]
----------------------------------------------------

----------------------------------------------------
    35th iteration
average ll reward:                       0.2069683522
dones:                                   0.003281
time elapsed in this iteration:          1.2522
fps:                                      20444
std: 
[2.1656291 2.2195926 2.2001152 2.149217  2.1868176 2.1614432 2.1630442
 2.1904004 2.221707  2.1128526 2.2142298 2.2403665]
----------------------------------------------------

----------------------------------------------------